<?xml version="1.0" encoding="UTF-8"?>
<!-- Generated by org.testng.reporters.JUnitXMLReporter -->
<testsuite hostname="DD-PC" ignored="0" name="Test" tests="3" failures="0" timestamp="10 Sep 2022 08:40:26 GMT" time="127.32" errors="0">
  <testcase name="search" time="26.741" classname="com.myntra.definition.Mobilepurchase"/>
  <testcase name="search" time="31.442" classname="com.myntra.definition.Mobilepurchase"/>
  <testcase name="search" time="48.008" classname="com.myntra.definition.Mobilepurchase"/>
</testsuite> <!-- Test -->
